<?xml version="1.0" encoding="UTF-8"?>
<!-- Generated by org.testng.reporters.JUnitReportReporter -->
<testsuite hostname="TYSS-Chaithra" failures="0" tests="2" name="practice.AnnotationsPractice" time="0.005" errors="0" timestamp="2021-12-24T11:13:54 IST" skipped="0">
  <testcase classname="practice.AnnotationsPractice" name="test1" time="0.004"/>
  <system-out/>
  <testcase classname="practice.AnnotationsPractice" name="test2" time="0.001"/>
  <system-out/>
</testsuite> <!-- practice.AnnotationsPractice -->
