<?xml version="1.0" encoding="UTF-8"?>
<!-- Generated by org.testng.reporters.JUnitReportReporter -->
<testsuite hostname="TYSS-Chaithra" failures="0" tests="3" name="practice.TestNgPracticeTest" time="0.008" errors="0" timestamp="2021-12-24T10:54:34 IST" skipped="0">
  <testcase classname="practice.TestNgPracticeTest" name="createCustomerTest" time="0.007"/>
  <system-out/>
  <testcase classname="practice.TestNgPracticeTest" name="deleteCustomerTest" time="0.001"/>
  <system-out/>
  <testcase classname="practice.TestNgPracticeTest" name="modifyCustomerTest" time="0.000"/>
  <system-out/>
</testsuite> <!-- practice.TestNgPracticeTest -->
