<?xml version="1.0" encoding="UTF-8"?>
<!-- Generated by org.testng.reporters.JUnitReportReporter -->
<testsuite hostname="TYSS-Chaithra" failures="0" tests="2" name="com.crm.autodesk.orgtest.CreateOrgWithIndusries_Type" time="51.342" errors="0" timestamp="2022-01-21T14:44:59 IST" skipped="0">
  <testcase classname="com.crm.autodesk.orgtest.CreateOrgWithIndusries_Type" name="createOrgWithIndustriesTest" time="25.642"/>
  <system-out/>
  <testcase classname="com.crm.autodesk.orgtest.CreateOrgWithIndusries_Type" name="createOrgWithIndustriesTest" time="25.700"/>
  <system-out/>
</testsuite> <!-- com.crm.autodesk.orgtest.CreateOrgWithIndusries_Type -->
