<?xml version="1.0" encoding="UTF-8"?>
<!-- Generated by org.testng.reporters.JUnitReportReporter -->
<testsuite hostname="TYSS-Chaithra" failures="0" tests="3" name="practice.DataProviderPrcaticeTest" time="0.003" errors="0" timestamp="2021-12-24T10:54:34 IST" skipped="0">
  <testcase classname="practice.DataProviderPrcaticeTest" name="readDataFromDataProviderTest" time="0.001"/>
  <system-out/>
  <testcase classname="practice.DataProviderPrcaticeTest" name="readDataFromDataProviderTest" time="0.001"/>
  <system-out/>
  <testcase classname="practice.DataProviderPrcaticeTest" name="readDataFromDataProviderTest" time="0.001"/>
  <system-out/>
</testsuite> <!-- practice.DataProviderPrcaticeTest -->
